<?xml version="1.0" encoding="UTF-8"?>
<!-- Generated by org.testng.reporters.JUnitReportReporter -->
<testsuite hostname="LAPTOP-VOQUA57D" failures="0" tests="1" name="com.inetbanking.testCases.TC_001_LoginTest" time="1.259" errors="0" timestamp="2023-10-23T00:41:09 IST" skipped="0">
  <testcase classname="com.inetbanking.testCases.TC_001_LoginTest" name="loginTest" time="1.259"/>
</testsuite> <!-- com.inetbanking.testCases.TC_001_LoginTest -->
